C:\cygwin64\bin\make.exe all -f C:\Users\JXNM64\Design-Pattern\1.Strategy_design --print-data-base --no-builtin-variables --no-builtin-rules --question
make: *** C:\Users\JXNM64\Design-Pattern\1.Strategy_design: Is a directory.  Stop.

# GNU Make 4.3
# Built for x86_64-pc-cygwin
# Copyright (C) 1988-2020 Free Software Foundation, Inc.
# License GPLv3+: GNU GPL version 3 or later <http://gnu.org/licenses/gpl.html>
# This is free software: you are free to change and redistribute it.
# There is NO WARRANTY, to the extent permitted by law.
 

# Make data base, printed on Thu Jul  7 17:45:36 2022

# Variables

# environment
SYSTEMDRIVE = C:
# environment
LC_ALL = C
# environment
USERPROFILE = C:\Users\JXNM64
# environment
LOCALAPPDATA = C:\Users\JXNM64\AppData\Local
# environment
VSCODE_IPC_HOOK_EXTHOST = \\.\pipe\vscode-ipc-3608b76a-9002-4037-b518-f7b2697eee8b-sock
# environment
VSCODE_CWD = C:\Users\JXNM64\AppData\Local\Programs\Microsoft VS Code
# environment
SYSTEMROOT = C:\windows
# environment
PROCESSOR_LEVEL = 6
# environment
PSMODULEPATH = C:\Program Files\WindowsPowerShell\Modules;C:\windows\system32\WindowsPowerShell\v1.0\Modules
# default
MAKE_COMMAND := /usr/bin/make
# environment
USERDNSDOMAIN = DS.MOT.COM
# automatic
@D = $(patsubst %/,%,$(dir $@))
# environment
CHROME_CRASHPAD_PIPE_NAME = \\.\pipe\crashpad_20780_ZNFWAKUJYBSHPTDB
# environment
VSCODE_HANDLES_UNCAUGHT_ERRORS = true
# default
.VARIABLES := 
# automatic
%D = $(patsubst %/,%,$(dir $%))
# environment
VS110COMNTOOLS = C:\Program Files (x86)\Microsoft Visual Studio 11.0\Common7\Tools\
# automatic
^D = $(patsubst %/,%,$(dir $^))
# environment
VSCODE_LOG_STACK = false
# automatic
%F = $(notdir $%)
# environment
VSCODE_CODE_CACHE_PATH = C:\Users\JXNM64\AppData\Roaming\Code\CachedData\30d9c6cd9483b2cc586687151bcbcd635f373630
# environment
LANG = C
# default
.LOADED := 
# environment
TMP = /cygdrive/c/Users/JXNM64/AppData/Local/Temp
# default
.INCLUDE_DIRS = /usr/include /usr/include
# makefile
MAKEFLAGS = pqrR
# environment
ONEDRIVE = C:\Users\JXNM64\OneDrive
# makefile
CURDIR := /cygdrive/c/Users/JXNM64/Design-Pattern/1.Strategy_design
# environment
VSCODE_PIPE_LOGGING = true
# environment
GIT_LFS_SKIP_SMUDGE = 1
# environment
APPLICATION_INSIGHTS_NO_DIAGNOSTIC_CHANNEL = 1
# automatic
*D = $(patsubst %/,%,$(dir $*))
# environment
PROGRAMFILES = C:\Program Files
# environment
MFLAGS = -pqrR
# default
.SHELLFLAGS := -c
# environment
!C: = c:\Users\JXNM64\Design-Pattern\1.Strategy_design
# environment
COMMONPROGRAMW6432 = C:\Program Files\Common Files
# automatic
+D = $(patsubst %/,%,$(dir $+))
# makefile (from 'C:\Users\JXNM64\Design-Pattern\1.Strategy_design', line 1)
MAKEFILE_LIST := C:\Users\JXNM64\Design-Pattern\1.Strategy_design
# automatic
@F = $(notdir $@)
# environment
VSCODE_VERBOSE_LOGGING = true
# environment
VSCODE_PID = 20780
# automatic
?D = $(patsubst %/,%,$(dir $?))
# environment
ONLINESERVICES = Online Services
# automatic
*F = $(notdir $*)
# automatic
<D = $(patsubst %/,%,$(dir $<))
# environment
VSCODE_NLS_CONFIG = {"locale":"en-us","availableLanguages":{},"_languagePackSupport":true}
# default
MAKE_HOST := x86_64-pc-cygwin
# environment
PROGRAMDATA = C:\ProgramData
# default
SHELL := /bin/sh
# environment
HOMEPATH = \Users\JXNM64
# default
MAKECMDGOALS := all
# environment
DRIVERDATA = C:\Windows\System32\Drivers\DriverData
# environment
COMSPEC = C:\windows\system32\cmd.exe
# environment
WINDIR = C:\windows
# environment
MAKELEVEL := 0
# default
MAKE = $(MAKE_COMMAND)
# environment
PATH = /cygdrive/c/Program Files (x86)/Common Files/Oracle/Java/javapath:/cygdrive/c/windows/system32:/cygdrive/c/windows:/cygdrive/c/windows/System32/Wbem:/cygdrive/c/windows/System32/WindowsPowerShell/v1.0:/cygdrive/c/windows/System32/OpenSSH:/cygdrive/c/Program Files (x86)/Pulse Secure/VC142.CRT/X64:/cygdrive/c/Program Files (x86)/Pulse Secure/VC142.CRT/X86:/cygdrive/c/Program Files/Git/cmd:/cygdrive/c/Program Files/Git LFS:/cygdrive/c/Python27:/cygdrive/c/Program Files/Git/usr/bin:/cygdrive/c/Program Files/Microsoft/Web Platform Installer:/cygdrive/c/Program Files (x86)/Microsoft ASP.NET/ASP.NET Web Pages/v1.0:/cygdrive/c/Program Files (x86)/Windows Kits/8.0/Windows Performance Toolkit:/cygdrive/c/Program Files/Microsoft SQL Server/110/Tools/Binn:/cygdrive/c/Python27/Scripts:/cygdrive/c/Python27:/usr/bin:/cygdrive/c/Users/JXNM64/AppData/Local/Microsoft/WindowsApps:/cygdrive/c/Users/JXNM64/AppData/Local/Programs/Microsoft VS Code/bin
# environment
ZES_ENABLE_SYSMAN = 1
# environment
COMPUTERNAME = JXNM64-ZBF15G8
# default
MAKEFILES := 
# automatic
^F = $(notdir $^)
# environment
PROMPT = $P$G
# environment
SNOW_AGENT = C:\Program Files\Snow Software\Inventory\Agent
# environment
LOGONSERVER = \\AUSE1DSDC1201
# environment
VSCODE_LOG_NATIVE = false
# environment
USERNAME = JXNM64
# environment
COMMONPROGRAMFILES = C:\Program Files\Common Files
# automatic
?F = $(notdir $?)
# environment
PROGRAMW6432 = C:\Program Files
# environment
PATHEXT = .COM;.EXE;.BAT;.CMD;.VBS;.VBE;.JS;.JSE;.WSF;.WSH;.MSC
# automatic
+F = $(notdir $+)
# environment
ORIGINAL_XDG_CURRENT_DESKTOP = undefined
# environment
USERDOMAIN = DS
# environment
GNUMAKEFLAGS := 
# environment
GIT_LFS_PATH = C:\Program Files\Git LFS
# environment
OS = Windows_NT
# makefile
.DEFAULT_GOAL := 
# default
MAKE_VERSION := 4.3
# environment
PLATFORMCODE = AN
# environment
PROGRAMFILES(X86) = C:\Program Files (x86)
# environment
USERDOMAIN_ROAMINGPROFILE = DS
# environment
NUMBER_OF_PROCESSORS = 16
# environment
PUBLIC = C:\Users\Public
# environment
APPDATA = C:\Users\JXNM64\AppData\Roaming
# environment
HOMEDRIVE = C:
# environment
PROCESSOR_ARCHITECTURE = AMD64
# environment
VSCODE_AMD_ENTRYPOINT = vs/workbench/api/node/extensionHostProcess
# environment
HOME = /home/JXNM64
# environment
COMMONPROGRAMFILES(X86) = C:\Program Files (x86)\Common Files
# environment
ELECTRON_RUN_AS_NODE = 1
# environment
TEMP = /cygdrive/c/Users/JXNM64/AppData/Local/Temp
# environment
VSCODE_IPC_HOOK = \\.\pipe\9f72e5de071bb5d94bbd1ad3ccfd2412-1.68.1-main-sock
# environment
TERM = xterm-256color
# default
.RECIPEPREFIX := 
# automatic
<F = $(notdir $<)
# default
SUFFIXES := 
# environment
ALLUSERSPROFILE = C:\ProgramData
# default
.FEATURES := target-specific order-only second-expansion else-if shortest-stem undefine oneshell nocomment grouped-target extra-prereqs archives jobserver output-sync check-symlink guile load
# environment
REGIONCODE = APJ
# environment
PROCESSOR_REVISION = 8d01
# environment
PROCESSOR_IDENTIFIER = Intel64 Family 6 Model 141 Stepping 1, GenuineIntel
# variable set hash-table stats:
# Load=102/1024=10%, Rehash=0, Collisions=9/112=8%

# Pattern-specific Variable Values

# No pattern-specific variable values.

# Directories


# No files, no impossibilities in 0 directories.

# Implicit Rules

# No implicit rules.

# Files

# Not a target:
.DEFAULT:
#  Implicit rule search has not been done.
#  Modification time never checked.
#  File has not been updated.

# Not a target:
all:
#  Command line target.
#  Implicit rule search has not been done.
#  Modification time never checked.
#  File has not been updated.

# Not a target:
C:\Users\JXNM64\Design-Pattern\1.Strategy_design:
#  Implicit rule search has not been done.
#  Modification time never checked.
#  File has not been updated.

# files hash-table stats:
# Load=4/1024=0%, Rehash=0, Collisions=0/5=0%
# VPATH Search Paths

# No 'vpath' search paths.

# No general ('VPATH' variable) search path.

# strcache buffers: 1 (0) / strings = 5 / storage = 85 B / avg = 17 B
# current buf: size = 8162 B / used = 85 B / count = 5 / avg = 17 B

# strcache performance: lookups = 8 / hit rate = 37%
# hash-table stats:
# Load=5/8192=0%, Rehash=0, Collisions=0/8=0%
# Finished Make data base on Thu Jul  7 17:45:36 2022

 
